Added Component: Designator=P4(HDR1X20)
Add component (AddParameter): Name = "LatestRevisionDate"; Value = "17-Jul-2002"; VariantName = "[No Variations]"
Add component (AddParameter): Name = "LatestRevisionNote"; Value = "Re-released for DXP Platform."; VariantName = "[No Variations]"
Add component (AddParameter): Name = "Publisher"; Value = "Altium Limited"; VariantName = "[No Variations]"
Added Component: Designator=P5(HDR1X20)
Add component (AddParameter): Name = "LatestRevisionDate"; Value = "17-Jul-2002"; VariantName = "[No Variations]"
Add component (AddParameter): Name = "LatestRevisionNote"; Value = "Re-released for DXP Platform."; VariantName = "[No Variations]"
Add component (AddParameter): Name = "Publisher"; Value = "Altium Limited"; VariantName = "[No Variations]"
Added Pin To Net: NetName=+3.3 Pin=LED1-2
Added Pin To Net: NetName=+3.3 Pin=LED2-2
Added Pin To Net: NetName=PC13 Pin=P4-2
Added Pin To Net: NetName=RESET Pin=P4-17
Added Pin To Net: NetName=+3.3 Pin=P4-18
Added Pin To Net: NetName=GND Pin=P4-19
Added Pin To Net: NetName=GND Pin=P4-20
Added Pin To Net: NetName=+3.3 Pin=P5-1
Added Pin To Net: NetName=GND Pin=P5-2
Added Pin To Net: NetName=GND Pin=R6-1
Added Pin To Net: NetName=PC13 Pin=R7-1
Added Pin To Net: NetName=NetLED1_1 Pin=LED1-1
Added Pin To Net: NetName=NetLED1_1 Pin=R6-2
Added Net: Name=NetLED1_1
Added Pin To Net: NetName=PA0 Pin=P4-5
Added Pin To Net: NetName=PA0 Pin=U1-10
Added Net: Name=PA0
Added Pin To Net: NetName=PA1 Pin=P4-6
Added Pin To Net: NetName=PA1 Pin=U1-11
Added Net: Name=PA1
Added Pin To Net: NetName=PA2 Pin=P4-7
Added Pin To Net: NetName=PA2 Pin=U1-12
Added Net: Name=PA2
Added Pin To Net: NetName=PA3 Pin=P4-8
Added Pin To Net: NetName=PA3 Pin=U1-13
Added Net: Name=PA3
Added Pin To Net: NetName=PA4 Pin=P4-9
Added Pin To Net: NetName=PA4 Pin=U1-14
Added Net: Name=PA4
Added Pin To Net: NetName=PA5 Pin=P4-10
Added Pin To Net: NetName=PA5 Pin=U1-15
Added Net: Name=PA5
Added Pin To Net: NetName=PA6 Pin=P4-11
Added Pin To Net: NetName=PA6 Pin=U1-16
Added Net: Name=PA6
Added Pin To Net: NetName=PA7 Pin=P4-12
Added Pin To Net: NetName=PA7 Pin=U1-17
Added Net: Name=PA7
Added Pin To Net: NetName=PA8 Pin=P5-16
Added Pin To Net: NetName=PA8 Pin=U1-29
Added Net: Name=PA8
Added Pin To Net: NetName=PA9 Pin=P5-15
Added Pin To Net: NetName=PA9 Pin=U1-30
Added Net: Name=PA9
Added Pin To Net: NetName=PA10 Pin=P5-14
Added Pin To Net: NetName=PA10 Pin=U1-31
Added Net: Name=PA10
Added Pin To Net: NetName=PA11 Pin=IC1-4
Added Pin To Net: NetName=PA11 Pin=P5-13
Added Pin To Net: NetName=PA11 Pin=U1-32
Added Net: Name=PA11
Added Pin To Net: NetName=PA12 Pin=IC1-1
Added Pin To Net: NetName=PA12 Pin=P5-12
Added Pin To Net: NetName=PA12 Pin=U1-33
Added Net: Name=PA12
Added Pin To Net: NetName=PA15 Pin=P5-11
Added Pin To Net: NetName=PA15 Pin=U1-38
Added Net: Name=PA15
Added Pin To Net: NetName=PB0 Pin=P4-13
Added Pin To Net: NetName=PB0 Pin=U1-18
Added Net: Name=PB0
Added Pin To Net: NetName=PB1 Pin=P4-14
Added Pin To Net: NetName=PB1 Pin=U1-19
Added Net: Name=PB1
Added Pin To Net: NetName=PB3 Pin=P5-10
Added Pin To Net: NetName=PB3 Pin=U1-39
Added Net: Name=PB3
Added Pin To Net: NetName=PB4 Pin=P5-9
Added Pin To Net: NetName=PB4 Pin=U1-40
Added Net: Name=PB4
Added Pin To Net: NetName=PB5 Pin=P5-8
Added Pin To Net: NetName=PB5 Pin=U1-41
Added Net: Name=PB5
Added Pin To Net: NetName=PB6 Pin=P5-7
Added Pin To Net: NetName=PB6 Pin=U1-42
Added Net: Name=PB6
Added Pin To Net: NetName=PB7 Pin=P5-6
Added Pin To Net: NetName=PB7 Pin=U1-43
Added Net: Name=PB7
Added Pin To Net: NetName=PB8 Pin=P5-5
Added Pin To Net: NetName=PB8 Pin=U1-45
Added Net: Name=PB8
Added Pin To Net: NetName=PB9 Pin=P5-4
Added Pin To Net: NetName=PB9 Pin=U1-46
Added Net: Name=PB9
Added Pin To Net: NetName=PB10 Pin=P4-15
Added Pin To Net: NetName=PB10 Pin=U1-21
Added Net: Name=PB10
Added Pin To Net: NetName=PB11 Pin=P4-16
Added Pin To Net: NetName=PB11 Pin=U1-22
Added Net: Name=PB11
Added Pin To Net: NetName=PB12 Pin=P5-20
Added Pin To Net: NetName=PB12 Pin=U1-25
Added Net: Name=PB12
Added Pin To Net: NetName=PB13 Pin=P5-19
Added Pin To Net: NetName=PB13 Pin=U1-26
Added Net: Name=PB13
Added Pin To Net: NetName=PB14 Pin=P5-18
Added Pin To Net: NetName=PB14 Pin=U1-27
Added Net: Name=PB14
Added Pin To Net: NetName=PB15 Pin=P5-17
Added Pin To Net: NetName=PB15 Pin=U1-28
Added Net: Name=PB15
Added Pin To Net: NetName=PC14 Pin=P4-3
Added Pin To Net: NetName=PC14 Pin=U1-3
Added Net: Name=PC14
Added Pin To Net: NetName=PC15 Pin=P4-4
Added Pin To Net: NetName=PC15 Pin=U1-4
Added Net: Name=PC15
Added Pin To Net: NetName=VBAT Pin=P4-1
Added Pin To Net: NetName=VBAT Pin=U1-1
Added Net: Name=VBAT
Added Member To Class: ClassName=STM32F103xx_LQFP48 Member=Component P4 Header 20
Added Member To Class: ClassName=STM32F103xx_LQFP48 Member=Component P5 Header 20
Added Member To Class: ClassName=STM32F103xx_LQFP48 Member=Component R2 10k
Added Member To Class: ClassName=STM32F103xx_LQFP48 Member=Component R3 100k
Added Member To Class: ClassName=STM32F103xx_LQFP48 Member=Component R4 100k
