Removed Pin From Net: NetName=GND Pin=JP1-1
Removed Pin From Net: NetName=I2C1_SCL Pin=JP1-2
Removed Pin From Net: NetName=I2C1_SDA Pin=JP1-3
Removed Pin From Net: NetName=+5 Pin=JP1-4
Removed Pin From Net: NetName=GND Pin=JP4-1
Removed Pin From Net: NetName=I2C2_SCL Pin=JP4-2
Removed Pin From Net: NetName=I2C2_SDA Pin=JP4-3
Removed Pin From Net: NetName=+5 Pin=JP4-4
Change Component Designator: OldDesignator=H4 NewDesignator=H3
Added Component: Designator=JP5(JP 1x5 DT)
Add component (AddParameter): Name = "Chung_Loai"; Value = "C?m"; VariantName = "[No Variations]"
Add component (AddParameter): Name = "Don_Vi"; Value = "Con"; VariantName = "[No Variations]"
Add component (AddParameter): Name = "Ghi_Chu"; Value = ""; VariantName = "[No Variations]"
Add component (AddParameter): Name = "Kieu_Chan"; Value = ""; VariantName = "[No Variations]"
Add component (AddParameter): Name = "Ma_Hang"; Value = "MH000903"; VariantName = "[No Variations]"
Add component (AddParameter): Name = "Ten_Linh_Kien"; Value = "Jump Ðon Ð?c 2.54MM 1x40P Th?ng 11MM"; VariantName = "[No Variations]"
Added Component: Designator=JP6(JP 1x5 DT)
Add component (AddParameter): Name = "Chung_Loai"; Value = "C?m"; VariantName = "[No Variations]"
Add component (AddParameter): Name = "Don_Vi"; Value = "Con"; VariantName = "[No Variations]"
Add component (AddParameter): Name = "Ghi_Chu"; Value = ""; VariantName = "[No Variations]"
Add component (AddParameter): Name = "Kieu_Chan"; Value = ""; VariantName = "[No Variations]"
Add component (AddParameter): Name = "Ma_Hang"; Value = "MH000903"; VariantName = "[No Variations]"
Add component (AddParameter): Name = "Ten_Linh_Kien"; Value = "Jump Ðon Ð?c 2.54MM 1x40P Th?ng 11MM"; VariantName = "[No Variations]"
Added Pin To Net: NetName=+5 Pin=JP1-1
Added Pin To Net: NetName=I2C1_SDA Pin=JP1-2
Added Pin To Net: NetName=I2C1_SCL Pin=JP1-3
Added Pin To Net: NetName=GND Pin=JP1-4
Added Pin To Net: NetName=+5 Pin=JP4-1
Added Pin To Net: NetName=I2C2_SDA Pin=JP4-2
Added Pin To Net: NetName=I2C2_SCL Pin=JP4-3
Added Pin To Net: NetName=GND Pin=JP4-4
Added Pin To Net: NetName=+5 Pin=JP5-1
Added Pin To Net: NetName=PA5 Pin=JP5-2
Added Pin To Net: NetName=PA6 Pin=JP5-3
Added Pin To Net: NetName=PA7 Pin=JP5-4
Added Pin To Net: NetName=GND Pin=JP5-5
Added Pin To Net: NetName=+5 Pin=JP6-1
Added Pin To Net: NetName=PB13 Pin=JP6-2
Added Pin To Net: NetName=PB14 Pin=JP6-3
Added Pin To Net: NetName=PB15 Pin=JP6-4
Added Pin To Net: NetName=GND Pin=JP6-5
Added Member To Class: ClassName=STM32F103xx_LQFP48 Member=Component JP1 JP 1x4 2.54
Added Member To Class: ClassName=STM32F103xx_LQFP48 Member=Component JP5 JP 1x5 2.54
Added Member To Class: ClassName=STM32F103xx_LQFP48 Member=Component JP6 JP 1x5 2.54
