Removed Pin From Net: NetName=GND Pin=JP10-1
Removed Pin From Net: NetName=GND Pin=JP10-2
Removed Pin From Net: NetName=GND Pin=JP10-3
Removed Pin From Net: NetName=GND Pin=JP10-4
Removed Pin From Net: NetName=+5 Pin=JP12-1
Removed Pin From Net: NetName=+5 Pin=JP12-2
Removed Pin From Net: NetName=+5 Pin=JP12-3
Removed Pin From Net: NetName=GND Pin=JP13-1
Removed Pin From Net: NetName=GND Pin=JP13-2
Removed Pin From Net: NetName=GND Pin=JP13-3
Removed Pin From Net: NetName=GND Pin=JP15-1
Removed Pin From Net: NetName=GND Pin=JP15-2
Removed Pin From Net: NetName=GND Pin=JP15-3
Removed Pin From Net: NetName=+3.3 Pin=JP16-1
Removed Pin From Net: NetName=+3.3 Pin=JP16-2
Removed Pin From Net: NetName=+3.3 Pin=JP16-3
Removed Pin From Net: NetName=+5 Pin=JP18-1
Removed Pin From Net: NetName=+5 Pin=JP18-2
Removed Pin From Net: NetName=+5 Pin=JP18-3
Removed Pin From Net: NetName=GND Pin=JP19-1
Removed Pin From Net: NetName=GND Pin=JP19-2
Removed Pin From Net: NetName=GND Pin=JP19-3
Removed Pin From Net: NetName=GND Pin=JP21-1
Removed Pin From Net: NetName=GND Pin=JP21-2
Removed Pin From Net: NetName=GND Pin=JP21-3
Removed Pin From Net: NetName=+3.3 Pin=JP22-1
Removed Pin From Net: NetName=+3.3 Pin=JP22-2
Removed Pin From Net: NetName=+3.3 Pin=JP22-3
Removed Member From Class: ClassName=STM32F103xx_LQFP48 Member=JP12
Removed Member From Class: ClassName=STM32F103xx_LQFP48 Member=JP13
Removed Member From Class: ClassName=STM32F103xx_LQFP48 Member=JP15
Removed Member From Class: ClassName=STM32F103xx_LQFP48 Member=JP16
Removed Member From Class: ClassName=STM32F103xx_LQFP48 Member=JP18
Removed Member From Class: ClassName=STM32F103xx_LQFP48 Member=JP19
Removed Member From Class: ClassName=STM32F103xx_LQFP48 Member=JP21
Removed Member From Class: ClassName=STM32F103xx_LQFP48 Member=JP22
Added Member To Class: ClassName=STM32F103xx_LQFP48 Member=Component JP11 JP 1x4 2.54
