Removed Pin From Net: NetName=NetIC1_7 Pin=P1-1
Removed Pin From Net: NetName=NetIC1_6 Pin=P1-2
Change Component Footprint: Designator=P1 Old Footprint=HDR1X2 New Footprint=HDR1X4
Change Component Comment : Designator=P1 Old Comment=Header 2 New Comment=CAN OUT
Change Component Designator: OldDesignator=P2 NewDesignator=P3
Change Component Designator: OldDesignator=P3 NewDesignator=P4
Change Component Designator: OldDesignator=P4 NewDesignator=P6
Change Component Designator: OldDesignator=P5 NewDesignator=P7
Added Component: Designator=P2(HDR1X4)
Add component (AddParameter): Name = "LatestRevisionDate"; Value = "17-Jul-2002"; VariantName = "[No Variations]"
Add component (AddParameter): Name = "LatestRevisionNote"; Value = "Re-released for DXP Platform."; VariantName = "[No Variations]"
Add component (AddParameter): Name = "Publisher"; Value = "Altium Limited"; VariantName = "[No Variations]"
Added Component: Designator=P5(HDR1X4)
Add component (AddParameter): Name = "LatestRevisionDate"; Value = "17-Jul-2002"; VariantName = "[No Variations]"
Add component (AddParameter): Name = "LatestRevisionNote"; Value = "Re-released for DXP Platform."; VariantName = "[No Variations]"
Add component (AddParameter): Name = "Publisher"; Value = "Altium Limited"; VariantName = "[No Variations]"
Added Pin To Net: NetName=+5 Pin=P1-1
Added Pin To Net: NetName=NetIC1_7 Pin=P1-2
Added Pin To Net: NetName=NetIC1_6 Pin=P1-3
Added Pin To Net: NetName=GND Pin=P1-4
Added Pin To Net: NetName=+5 Pin=P2-1
Added Pin To Net: NetName=NetIC1_7 Pin=P2-2
Added Pin To Net: NetName=NetIC1_6 Pin=P2-3
Added Pin To Net: NetName=GND Pin=P2-4
Added Pin To Net: NetName=+5 Pin=P5-1
Added Pin To Net: NetName=PA1 Pin=P5-2
Added Pin To Net: NetName=PA2 Pin=P5-3
Added Pin To Net: NetName=GND Pin=P5-4
Added Pin To Net: NetName=+5 Pin=P7-3
Change Net Name : Old Net Name=NetP2_2 New Net Name=NetP3_2
Change Net Name : Old Net Name=NetP3_3 New Net Name=NetP4_3
Change Net Name : Old Net Name=NetP3_4 New Net Name=NetP4_4
Added Member To Class: ClassName=SCH_CAN_Transceiver_TJA1050 Member=Component P3 Header 2
Added Member To Class: ClassName=STM32F103xx_LQFP48 Member=Component P7 Header 20
Added Member To Class: ClassName=STM32F103xx_LQFP48 Member=Component R2 10k
Added Member To Class: ClassName=STM32F103xx_LQFP48 Member=Component R3 100k
Added Member To Class: ClassName=STM32F103xx_LQFP48 Member=Component R4 100k
Added Room: Name=SCH_CAN_Transceiver_TJA1050
