Removed Member From Class: ClassName=SCH_CAN_Transceiver_TJA1050 Member=P6
Added Component: Designator=AMS1(SOT223)
Add component (AddParameter): Name = "Chung_Loai"; Value = "Dán"; VariantName = "[No Variations]"
Add component (AddParameter): Name = "Don_Vi"; Value = "Con"; VariantName = "[No Variations]"
Add component (AddParameter): Name = "Ghi_Chu"; Value = ""; VariantName = "[No Variations]"
Add component (AddParameter): Name = "Kieu_Chan"; Value = ""; VariantName = "[No Variations]"
Add component (AddParameter): Name = "Ma_Hang"; Value = "MH000596"; VariantName = "[No Variations]"
Add component (AddParameter): Name = "Value"; Value = "AMS1117-3.3V SOT223"; VariantName = "[No Variations]"
Added Component: Designator=C9(tu 0603)
Add component (AddParameter): Name = "Chung_Loai"; Value = "Dán"; VariantName = "[No Variations]"
Add component (AddParameter): Name = "Don_Vi"; Value = "Con"; VariantName = "[No Variations]"
Add component (AddParameter): Name = "Kieu_Chan"; Value = ""; VariantName = "[No Variations]"
Add component (AddParameter): Name = "Ma_Hang"; Value = "MH004848"; VariantName = "[No Variations]"
Add component (AddParameter): Name = "So_Chan"; Value = "2"; VariantName = "[No Variations]"
Add component (AddParameter): Name = "Ten_Linh_Kien"; Value = "T? 0603-10uF 20% 16V"; VariantName = "[No Variations]"
Added Component: Designator=C10(tu 0603)
Add component (AddParameter): Name = "Chung_Loai"; Value = "Dán"; VariantName = "[No Variations]"
Add component (AddParameter): Name = "Don_Vi"; Value = "Con"; VariantName = "[No Variations]"
Add component (AddParameter): Name = "Kieu_Chan"; Value = ""; VariantName = "[No Variations]"
Add component (AddParameter): Name = "Ma_Hang"; Value = "MH004848"; VariantName = "[No Variations]"
Add component (AddParameter): Name = "So_Chan"; Value = "2"; VariantName = "[No Variations]"
Add component (AddParameter): Name = "Ten_Linh_Kien"; Value = "T? 0603-10uF 20% 16V"; VariantName = "[No Variations]"
Added Pin To Net: NetName=GND Pin=AMS1-1
Added Pin To Net: NetName=+3.3 Pin=AMS1-2
Added Pin To Net: NetName=+5 Pin=AMS1-3
Added Pin To Net: NetName=+3.3 Pin=AMS1-4
Added Pin To Net: NetName=GND Pin=C9-1
Added Pin To Net: NetName=+5 Pin=C9-2
Added Pin To Net: NetName=GND Pin=C10-1
Added Pin To Net: NetName=+3.3 Pin=C10-2
Added Class: Name=SCH_POWER_5V_to_3.3V
Added Member To Class: ClassName=SCH_CAN_Transceiver_TJA1050 Member=Component P2 CAN IN
Added Member To Class: ClassName=SCH_CAN_Transceiver_TJA1050 Member=Component P3 Header 2
Added Member To Class: ClassName=STM32F103xx_LQFP48 Member=Component P4 Header 3X2
Added Member To Class: ClassName=STM32F103xx_LQFP48 Member=Component P5 Header 4
Added Member To Class: ClassName=STM32F103xx_LQFP48 Member=Component R2 10k
Added Member To Class: ClassName=STM32F103xx_LQFP48 Member=Component R3 100k
Added Member To Class: ClassName=STM32F103xx_LQFP48 Member=Component R4 100k
Added Room: Name=SCH_POWER_5V_to_3.3V
