Removed Pin From Net: NetName=+5 Pin=P3-1
Removed Pin From Net: NetName=PA1 Pin=P3-2
Removed Pin From Net: NetName=PA2 Pin=P3-3
Removed Pin From Net: NetName=GND Pin=P3-4
Change Component Designator: OldDesignator=P4 NewDesignator=P3
Change Component Designator: OldDesignator=P5 NewDesignator=P4
Added Component: Designator=H3(XH2.54M-4)
Add component (AddParameter): Name = "Chung_Loai"; Value = "C?m"; VariantName = "[No Variations]"
Add component (AddParameter): Name = "Don_Vi"; Value = "Con"; VariantName = "[No Variations]"
Add component (AddParameter): Name = "Ghi_Chu"; Value = ""; VariantName = "[No Variations]"
Add component (AddParameter): Name = "Kieu_Chan"; Value = ""; VariantName = "[No Variations]"
Add component (AddParameter): Name = "Ma_Hang"; Value = "MH001285"; VariantName = "[No Variations]"
Add component (AddParameter): Name = "Ten_Linh_Kien"; Value = "Header 4P XH2.54-4P Ð?c Th?ng"; VariantName = "[No Variations]"
Added Pin To Net: NetName=+5 Pin=H3-1
Added Pin To Net: NetName=PA1 Pin=H3-2
Added Pin To Net: NetName=PA2 Pin=H3-3
Added Pin To Net: NetName=GND Pin=H3-4
Added Member To Class: ClassName=STM32F103xx_LQFP48 Member=Component H3 Header 4P 2.54 Duc Thang
Added Member To Class: ClassName=SCH_CAN_Transceiver_TJA1050 Member=Component P1 Header 2
Added Member To Class: ClassName=STM32F103xx_LQFP48 Member=Component P2 Header 3X2
Added Member To Class: ClassName=STM32F103xx_LQFP48 Member=Component P3 Header 20
