Removed Pin From Net: NetName=CS Pin=U1-19
Removed Pin From Net: NetName=NetJP2_7 Pin=U1-38
Removed Pin From Net: NetName=NetJP2_6 Pin=U1-39
Removed Pin From Net: NetName=NetJP2_5 Pin=U1-40
Removed Pin From Net: NetName=NetJP2_4 Pin=U1-41
Removed Pin From Net: NetName=NetJP2_3 Pin=U1-42
Removed Pin From Net: NetName=NetJP2_2 Pin=U1-43
Removed Pin From Net: NetName=NetJP2_1 Pin=U1-45
Change Component Footprint: Designator=JP4 Old Footprint=JP 1x5 CT New Footprint=JP 1x6 DT
Change Component Footprint: Designator=JP3 Old Footprint=JP 1x7 DT New Footprint=JP 1x4 DT
Change Component Footprint: Designator=JP2 Old Footprint=JP 1x7 DT New Footprint=JP 1x9 DT
Change Component Comment : Designator=JP4 Old Comment=JP 1x5 2.54 New Comment=JP 1x6 2.54
Change Component Comment : Designator=JP3 Old Comment=JP 1x7 2.54 New Comment=JP 1x4 2.54
Change Component Comment : Designator=JP2 Old Comment=JP 1x7 2.54 New Comment=JP 1x9 2.54
Change component parameters: Designator = "JP4" ("JP4"); Footprint = "JP 1x5 CT"; UniqueID = "\LZPYUUUM" ("\LZPYUUUM")
Change component parameters (AddParameter): Name = "Chung_Loai"; Value = "C?m"; VariantName = "[No Variations]"
Change component parameters (AddParameter): Name = "Don_Vi"; Value = "Con"; VariantName = "[No Variations]"
Change component parameters (AddParameter): Name = "Ghi_Chu"; Value = ""; VariantName = "[No Variations]"
Change component parameters (AddParameter): Name = "Kieu_Chan"; Value = ""; VariantName = "[No Variations]"
Change component parameters (AddParameter): Name = "Ma_Hang"; Value = "MH000903"; VariantName = "[No Variations]"
Change component parameters (AddParameter): Name = "Ten_Linh_Kien"; Value = "Jump Ðon Ð?c 2.54MM 1x40P Th?ng 11MM"; VariantName = "[No Variations]"
Added Component: Designator=JP5(JP 1x10 DT)
Add component (AddParameter): Name = "Chung_Loai"; Value = "C?m"; VariantName = "[No Variations]"
Add component (AddParameter): Name = "Don_Vi"; Value = "Con"; VariantName = "[No Variations]"
Add component (AddParameter): Name = "Ghi_Chu"; Value = ""; VariantName = "[No Variations]"
Add component (AddParameter): Name = "Kieu_Chan"; Value = ""; VariantName = "[No Variations]"
Add component (AddParameter): Name = "Ma_Hang"; Value = "MH000903"; VariantName = "[No Variations]"
Add component (AddParameter): Name = "Ten_Linh_Kien"; Value = "Jump Ðon Ð?c 2.54MM 1x40P Th?ng 11MM"; VariantName = "[No Variations]"
Added Pin To Net: NetName=GND Pin=JP3-1
Added Pin To Net: NetName=+5 Pin=JP3-2
Added Pin To Net: NetName=BOOT1 Pin=JP5-3
Added Pin To Net: NetName=NetJP2_7 Pin=U1-27
Added Pin To Net: NetName=NetJP2_6 Pin=U1-28
Added Pin To Net: NetName=NetJP2_5 Pin=U1-29
Added Pin To Net: NetName=NetJP2_4 Pin=U1-30
Added Pin To Net: NetName=NetJP2_3 Pin=U1-31
Added Pin To Net: NetName=NetJP2_2 Pin=U1-32
Added Pin To Net: NetName=NetJP2_1 Pin=U1-33
Added Pin To Net: NetName=CS Pin=U1-38
Added Pin To Net: NetName=MISO Pin=JP4-6
Added Pin To Net: NetName=MISO Pin=U1-40
Added Net: Name=MISO
Added Pin To Net: NetName=MOSI Pin=JP4-5
Added Pin To Net: NetName=MOSI Pin=U1-41
Added Net: Name=MOSI
Added Pin To Net: NetName=NetIC1_1 Pin=IC1-1
Added Pin To Net: NetName=NetIC1_1 Pin=U1-46
Added Net: Name=NetIC1_1
Added Pin To Net: NetName=NetIC1_4 Pin=IC1-4
Added Pin To Net: NetName=NetIC1_4 Pin=U1-45
Added Net: Name=NetIC1_4
Added Pin To Net: NetName=NetJP2_8 Pin=JP2-8
Added Pin To Net: NetName=NetJP2_8 Pin=U1-26
Added Net: Name=NetJP2_8
Added Pin To Net: NetName=NetJP2_9 Pin=JP2-9
Added Pin To Net: NetName=NetJP2_9 Pin=U1-25
Added Net: Name=NetJP2_9
Added Pin To Net: NetName=NetJP5_1 Pin=JP5-1
Added Pin To Net: NetName=NetJP5_1 Pin=U1-22
Added Net: Name=NetJP5_1
Added Pin To Net: NetName=NetJP5_2 Pin=JP5-2
Added Pin To Net: NetName=NetJP5_2 Pin=U1-21
Added Net: Name=NetJP5_2
Added Pin To Net: NetName=NetJP5_4 Pin=JP5-4
Added Pin To Net: NetName=NetJP5_4 Pin=U1-19
Added Net: Name=NetJP5_4
Added Pin To Net: NetName=NetJP5_5 Pin=JP5-5
Added Pin To Net: NetName=NetJP5_5 Pin=U1-18
Added Net: Name=NetJP5_5
Added Pin To Net: NetName=NetJP5_6 Pin=JP5-6
Added Pin To Net: NetName=NetJP5_6 Pin=U1-17
Added Net: Name=NetJP5_6
Added Pin To Net: NetName=NetJP5_7 Pin=JP5-7
Added Pin To Net: NetName=NetJP5_7 Pin=U1-16
Added Net: Name=NetJP5_7
Added Pin To Net: NetName=NetJP5_8 Pin=JP5-8
Added Pin To Net: NetName=NetJP5_8 Pin=U1-15
Added Net: Name=NetJP5_8
Added Pin To Net: NetName=NetJP5_9 Pin=JP5-9
Added Pin To Net: NetName=NetJP5_9 Pin=U1-14
Added Net: Name=NetJP5_9
Added Pin To Net: NetName=NetJP5_10 Pin=JP5-10
Added Pin To Net: NetName=NetJP5_10 Pin=U1-13
Added Net: Name=NetJP5_10
Added Pin To Net: NetName=SCK Pin=JP4-3
Added Pin To Net: NetName=SCK Pin=U1-39
Added Net: Name=SCK
Added Pin To Net: NetName=SCL Pin=JP3-4
Added Pin To Net: NetName=SCL Pin=U1-42
Added Net: Name=SCL
Added Pin To Net: NetName=SDA Pin=JP3-3
Added Pin To Net: NetName=SDA Pin=U1-43
Added Net: Name=SDA
Added Member To Class: ClassName=STM32F103xx_LQFP48 Member=Component JP2 JP 1x9 2.54
Added Member To Class: ClassName=STM32F103xx_LQFP48 Member=Component JP3 JP 1x4 2.54
Added Member To Class: ClassName=STM32F103xx_LQFP48 Member=Component JP5 JP 1x10 2.54
Added Room: Name=STM32F103xx_LQFP48
