Removed Member From Class: ClassName=STM32F103xx_LQFP48 Member=C1
Removed Member From Class: ClassName=STM32F103xx_LQFP48 Member=C2
Removed Member From Class: ClassName=STM32F103xx_LQFP48 Member=C3
Removed Member From Class: ClassName=STM32F103xx_LQFP48 Member=H2
Removed Member From Class: ClassName=STM32F103xx_LQFP48 Member=P1
Removed Member From Class: ClassName=STM32F103xx_LQFP48 Member=R1
Added Member To Class: ClassName=STM32F103xx_LQFP48 Member=Component C4 20pF
Added Member To Class: ClassName=STM32F103xx_LQFP48 Member=Component C5 104
Added Member To Class: ClassName=STM32F103xx_LQFP48 Member=Component C6 20pF
Added Member To Class: ClassName=STM32F103xx_LQFP48 Member=Component C8 104
Added Member To Class: ClassName=STM32F103xx_LQFP48 Member=Component C9 104
Added Member To Class: ClassName=STM32F103xx_LQFP48 Member=Component C10 104
Added Member To Class: ClassName=STM32F103xx_LQFP48 Member=Component D1 0603 Red
Added Member To Class: ClassName=SCH_CAN_Transceiver_TJA1050 Member=Component H1 Header 4P 2.54 Duc Thang
Added Member To Class: ClassName=STM32F103xx_LQFP48 Member=Component H3 Header 4P 2.54 Duc Thang
Added Member To Class: ClassName=STM32F103xx_LQFP48 Member=Component P2 Header 3X2
Added Member To Class: ClassName=STM32F103xx_LQFP48 Member=Component R2 10k
Added Member To Class: ClassName=STM32F103xx_LQFP48 Member=Component R4 100k
Added Member To Class: ClassName=STM32F103xx_LQFP48 Member=Component R5 10k
Added Member To Class: ClassName=STM32F103xx_LQFP48 Member=Component R7 510R
