Removed Pin From Net: NetName=+3.3 Pin=H3-1
Removed Pin From Net: NetName=I2C1_SDA Pin=H3-2
Removed Pin From Net: NetName=I2C1_SCL Pin=H3-3
Removed Pin From Net: NetName=GND Pin=H3-4
Removed Pin From Net: NetName=+3.3 Pin=H4-1
Removed Pin From Net: NetName=I2C2_SDA Pin=H4-2
Removed Pin From Net: NetName=I2C2_SCL Pin=H4-3
Removed Pin From Net: NetName=GND Pin=H4-4
Removed Member From Class: ClassName=STM32F103xx_LQFP48 Member=H5
Change Component Designator: OldDesignator=H5 NewDesignator=H4
Change Component Designator: OldDesignator=JP1 NewDesignator=JP2
Change Component Designator: OldDesignator=JP2 NewDesignator=JP3
Added Component: Designator=JP1(JP 1x4 DT)
Add component (AddParameter): Name = "Chung_Loai"; Value = "C?m"; VariantName = "[No Variations]"
Add component (AddParameter): Name = "Don_Vi"; Value = "Con"; VariantName = "[No Variations]"
Add component (AddParameter): Name = "Ghi_Chu"; Value = ""; VariantName = "[No Variations]"
Add component (AddParameter): Name = "Kieu_Chan"; Value = ""; VariantName = "[No Variations]"
Add component (AddParameter): Name = "Ma_Hang"; Value = "MH000903"; VariantName = "[No Variations]"
Add component (AddParameter): Name = "Ten_Linh_Kien"; Value = "Jump Ðon Ð?c 2.54MM 1x40P Th?ng 11MM"; VariantName = "[No Variations]"
Added Component: Designator=JP4(JP 1x4 DT)
Add component (AddParameter): Name = "Chung_Loai"; Value = "C?m"; VariantName = "[No Variations]"
Add component (AddParameter): Name = "Don_Vi"; Value = "Con"; VariantName = "[No Variations]"
Add component (AddParameter): Name = "Ghi_Chu"; Value = ""; VariantName = "[No Variations]"
Add component (AddParameter): Name = "Kieu_Chan"; Value = ""; VariantName = "[No Variations]"
Add component (AddParameter): Name = "Ma_Hang"; Value = "MH000903"; VariantName = "[No Variations]"
Add component (AddParameter): Name = "Ten_Linh_Kien"; Value = "Jump Ðon Ð?c 2.54MM 1x40P Th?ng 11MM"; VariantName = "[No Variations]"
Added Pin To Net: NetName=GND Pin=JP1-1
Added Pin To Net: NetName=I2C1_SCL Pin=JP1-2
Added Pin To Net: NetName=I2C1_SDA Pin=JP1-3
Added Pin To Net: NetName=+5 Pin=JP1-4
Added Pin To Net: NetName=GND Pin=JP4-1
Added Pin To Net: NetName=I2C2_SCL Pin=JP4-2
Added Pin To Net: NetName=I2C2_SDA Pin=JP4-3
Added Pin To Net: NetName=+5 Pin=JP4-4
Change Net Name : Old Net Name=NetJP2_2 New Net Name=NetJP3_2
Change Net Name : Old Net Name=NetJP2_5 New Net Name=NetJP3_5
Added Member To Class: ClassName=STM32F103xx_LQFP48 Member=Component H3 Header 4P 2.54 Duc Thang
Added Member To Class: ClassName=STM32F103xx_LQFP48 Member=Component JP3 JP 2x3 2.54
Added Member To Class: ClassName=STM32F103xx_LQFP48 Member=Component JP4 JP 1x4 2.54
