Removed Pin From Net: NetName=VBAT Pin=P2-1
Removed Pin From Net: NetName=PC13 Pin=P2-2
Removed Pin From Net: NetName=PC14 Pin=P2-3
Removed Pin From Net: NetName=PC15 Pin=P2-4
Removed Pin From Net: NetName=PA0 Pin=P2-5
Removed Pin From Net: NetName=PA1 Pin=P2-6
Removed Pin From Net: NetName=PA2 Pin=P2-7
Removed Pin From Net: NetName=PA3 Pin=P2-8
Removed Pin From Net: NetName=PA4 Pin=P2-9
Removed Pin From Net: NetName=PA5 Pin=P2-10
Removed Pin From Net: NetName=PA6 Pin=P2-11
Removed Pin From Net: NetName=PA7 Pin=P2-12
Removed Pin From Net: NetName=PB0 Pin=P2-13
Removed Pin From Net: NetName=PB1 Pin=P2-14
Removed Pin From Net: NetName=I2C2_SCL Pin=P2-15
Removed Pin From Net: NetName=I2C2_SDA Pin=P2-16
Removed Pin From Net: NetName=RESET Pin=P2-17
Removed Pin From Net: NetName=+3.3 Pin=P2-18
Removed Pin From Net: NetName=GND Pin=P2-19
Removed Pin From Net: NetName=GND Pin=P2-20
Removed Pin From Net: NetName=+3.3 Pin=P3-1
Removed Pin From Net: NetName=GND Pin=P3-2
Removed Pin From Net: NetName=+5 Pin=P3-3
Removed Pin From Net: NetName=PB9 Pin=P3-4
Removed Pin From Net: NetName=PB8 Pin=P3-5
Removed Pin From Net: NetName=I2C1_SDA Pin=P3-6
Removed Pin From Net: NetName=I2C1_SCL Pin=P3-7
Removed Pin From Net: NetName=PB5 Pin=P3-8
Removed Pin From Net: NetName=PB4 Pin=P3-9
Removed Pin From Net: NetName=PB3 Pin=P3-10
Removed Pin From Net: NetName=PA15 Pin=P3-11
Removed Pin From Net: NetName=PA12 Pin=P3-12
Removed Pin From Net: NetName=PA11 Pin=P3-13
Removed Pin From Net: NetName=PA10 Pin=P3-14
Removed Pin From Net: NetName=PA9 Pin=P3-15
Removed Pin From Net: NetName=PA8 Pin=P3-16
Removed Pin From Net: NetName=PB15 Pin=P3-17
Removed Pin From Net: NetName=PB14 Pin=P3-18
Removed Pin From Net: NetName=PB13 Pin=P3-19
Removed Pin From Net: NetName=PB12 Pin=P3-20
Removed Member From Class: ClassName=STM32F103xx_LQFP48 Member=P2
Removed Member From Class: ClassName=STM32F103xx_LQFP48 Member=P3
Change Component Designator: OldDesignator=JP7 NewDesignator=JP10
Change Component Designator: OldDesignator=JP8 NewDesignator=JP11
Added Component: Designator=JP7(JP 1x5 DT)
Add component (AddParameter): Name = "Chung_Loai"; Value = "C?m"; VariantName = "[No Variations]"
Add component (AddParameter): Name = "Don_Vi"; Value = "Con"; VariantName = "[No Variations]"
Add component (AddParameter): Name = "Ghi_Chu"; Value = ""; VariantName = "[No Variations]"
Add component (AddParameter): Name = "Kieu_Chan"; Value = ""; VariantName = "[No Variations]"
Add component (AddParameter): Name = "Ma_Hang"; Value = "MH000903"; VariantName = "[No Variations]"
Add component (AddParameter): Name = "Ten_Linh_Kien"; Value = "Jump Ðon Ð?c 2.54MM 1x40P Th?ng 11MM"; VariantName = "[No Variations]"
Added Component: Designator=JP8(JP 1x5 DT)
Add component (AddParameter): Name = "Chung_Loai"; Value = "C?m"; VariantName = "[No Variations]"
Add component (AddParameter): Name = "Don_Vi"; Value = "Con"; VariantName = "[No Variations]"
Add component (AddParameter): Name = "Ghi_Chu"; Value = ""; VariantName = "[No Variations]"
Add component (AddParameter): Name = "Kieu_Chan"; Value = ""; VariantName = "[No Variations]"
Add component (AddParameter): Name = "Ma_Hang"; Value = "MH000903"; VariantName = "[No Variations]"
Add component (AddParameter): Name = "Ten_Linh_Kien"; Value = "Jump Ðon Ð?c 2.54MM 1x40P Th?ng 11MM"; VariantName = "[No Variations]"
Added Component: Designator=JP9(JP 1x5 DT)
Add component (AddParameter): Name = "Chung_Loai"; Value = "C?m"; VariantName = "[No Variations]"
Add component (AddParameter): Name = "Don_Vi"; Value = "Con"; VariantName = "[No Variations]"
Add component (AddParameter): Name = "Ghi_Chu"; Value = ""; VariantName = "[No Variations]"
Add component (AddParameter): Name = "Kieu_Chan"; Value = ""; VariantName = "[No Variations]"
Add component (AddParameter): Name = "Ma_Hang"; Value = "MH000903"; VariantName = "[No Variations]"
Add component (AddParameter): Name = "Ten_Linh_Kien"; Value = "Jump Ðon Ð?c 2.54MM 1x40P Th?ng 11MM"; VariantName = "[No Variations]"
Added Pin To Net: NetName=+5 Pin=JP7-1
Added Pin To Net: NetName=+5 Pin=JP7-2
Added Pin To Net: NetName=+5 Pin=JP7-3
Added Pin To Net: NetName=+5 Pin=JP7-4
Added Pin To Net: NetName=+5 Pin=JP7-5
Added Pin To Net: NetName=GND Pin=JP8-1
Added Pin To Net: NetName=GND Pin=JP8-2
Added Pin To Net: NetName=GND Pin=JP8-3
Added Pin To Net: NetName=GND Pin=JP8-4
Added Pin To Net: NetName=GND Pin=JP8-5
Added Pin To Net: NetName=+3.3 Pin=JP9-1
Added Pin To Net: NetName=+3.3 Pin=JP9-2
Added Pin To Net: NetName=+3.3 Pin=JP9-3
Added Pin To Net: NetName=+3.3 Pin=JP9-4
Added Pin To Net: NetName=+3.3 Pin=JP9-5
Added Member To Class: ClassName=STM32F103xx_LQFP48 Member=Component JP9 JP 1x5 2.54
Added Member To Class: ClassName=STM32F103xx_LQFP48 Member=Component JP10 JP 1x4 2.54
Added Member To Class: ClassName=STM32F103xx_LQFP48 Member=Component JP11 JP 1x4 2.54
Added Room: Name=SCH_CAN_Transceiver_TJA1050
Added Room: Name=SCH_POWER_5V_to_3.3V
Added Room: Name=STM32F103xx_LQFP48
