Removed Pin From Net: NetName=I2C2_SDA Pin=JP4-2
Removed Pin From Net: NetName=I2C2_SCL Pin=P3-14
Removed Pin From Net: NetName=I2C2_SCL Pin=U1-31
Added Component: Designator=JP7(JP 1x4 DT)
Add component (AddParameter): Name = "Chung_Loai"; Value = "C?m"; VariantName = "[No Variations]"
Add component (AddParameter): Name = "Don_Vi"; Value = "Con"; VariantName = "[No Variations]"
Add component (AddParameter): Name = "Ghi_Chu"; Value = ""; VariantName = "[No Variations]"
Add component (AddParameter): Name = "Kieu_Chan"; Value = ""; VariantName = "[No Variations]"
Add component (AddParameter): Name = "Ma_Hang"; Value = "MH000903"; VariantName = "[No Variations]"
Add component (AddParameter): Name = "Ten_Linh_Kien"; Value = "Jump Ðon Ð?c 2.54MM 1x40P Th?ng 11MM"; VariantName = "[No Variations]"
Added Component: Designator=JP8(JP 1x4 DT)
Add component (AddParameter): Name = "Chung_Loai"; Value = "C?m"; VariantName = "[No Variations]"
Add component (AddParameter): Name = "Don_Vi"; Value = "Con"; VariantName = "[No Variations]"
Add component (AddParameter): Name = "Ghi_Chu"; Value = ""; VariantName = "[No Variations]"
Add component (AddParameter): Name = "Kieu_Chan"; Value = ""; VariantName = "[No Variations]"
Add component (AddParameter): Name = "Ma_Hang"; Value = "MH000903"; VariantName = "[No Variations]"
Add component (AddParameter): Name = "Ten_Linh_Kien"; Value = "Jump Ðon Ð?c 2.54MM 1x40P Th?ng 11MM"; VariantName = "[No Variations]"
Added Pin To Net: NetName=+5 Pin=JP7-1
Added Pin To Net: NetName=PA9 Pin=JP7-3
Added Pin To Net: NetName=GND Pin=JP7-4
Added Pin To Net: NetName=+5 Pin=JP8-1
Added Pin To Net: NetName=PA3 Pin=JP8-2
Added Pin To Net: NetName=PA2 Pin=JP8-3
Added Pin To Net: NetName=GND Pin=JP8-4
Added Pin To Net: NetName=I2C2_SCL Pin=P2-15
Added Pin To Net: NetName=I2C2_SCL Pin=U1-21
Change Net Name : Old Net Name=I2C2_SDA New Net Name=PA11
Added Pin To Net: NetName=I2C2_SDA Pin=JP4-2
Added Pin To Net: NetName=I2C2_SDA Pin=P2-16
Added Pin To Net: NetName=I2C2_SDA Pin=U1-22
Added Net: Name=I2C2_SDA
Added Pin To Net: NetName=PA10 Pin=JP7-2
Added Pin To Net: NetName=PA10 Pin=P3-14
Added Pin To Net: NetName=PA10 Pin=U1-31
Added Net: Name=PA10
Added Member To Class: ClassName=STM32F103xx_LQFP48 Member=Component H3 Header 4P 2.54 Duc Thang
Added Member To Class: ClassName=STM32F103xx_LQFP48 Member=Component JP1 JP 1x4 2.54
Added Member To Class: ClassName=STM32F103xx_LQFP48 Member=Component JP7 JP 1x4 2.54
Added Member To Class: ClassName=STM32F103xx_LQFP48 Member=Component JP8 JP 1x4 2.54
