Removed Pin From Net: NetName=GND Pin=AMS1-1_1
Removed Pin From Net: NetName=+3.3 Pin=AMS1-2_1
Removed Pin From Net: NetName=+5 Pin=AMS1-3_1
Removed Pin From Net: NetName=+3.3 Pin=AMS1-4_1
Change Component Designator: OldDesignator=C1 NewDesignator=C6
Change Component Designator: OldDesignator=C2 NewDesignator=C8
Change Component Designator: OldDesignator=C3 NewDesignator=C4
Change Component Designator: OldDesignator=C4 NewDesignator=C5
Change Component Designator: OldDesignator=C5 NewDesignator=C9
Change Component Designator: OldDesignator=C6 NewDesignator=C10
Change Component Designator: OldDesignator=C8 NewDesignator=C1
Change Component Designator: OldDesignator=C9 NewDesignator=C3
Change Component Designator: OldDesignator=C10 NewDesignator=C2
Change Component Designator: OldDesignator=D1 NewDesignator=D2
Change Component Designator: OldDesignator=D2 NewDesignator=D1
Change Component Designator: OldDesignator=H1 NewDesignator=H3
Change Component Designator: OldDesignator=H2 NewDesignator=H1
Change Component Designator: OldDesignator=H3 NewDesignator=H2
Change Component Designator: OldDesignator=P1 NewDesignator=P2
Change Component Designator: OldDesignator=P2 NewDesignator=P1
Change Component Designator: OldDesignator=R1 NewDesignator=R2
Change Component Designator: OldDesignator=R2 NewDesignator=R5
Change Component Designator: OldDesignator=R3 NewDesignator=R7
Change Component Designator: OldDesignator=R4 NewDesignator=R6
Change Component Designator: OldDesignator=R5 NewDesignator=R3
Change Component Designator: OldDesignator=R6 NewDesignator=R4
Change Component Designator: OldDesignator=R7 NewDesignator=R1
Added Member To Class: ClassName=STM32F103xx_LQFP48 Member=Component D2 0603 Green
Added Member To Class: ClassName=SCH_CAN_Transceiver_TJA1050 Member=Component H1 Header 4P 2.54 Duc Thang
Added Member To Class: ClassName=STM32F103xx_LQFP48 Member=Component R5 10k
Added Member To Class: ClassName=STM32F103xx_LQFP48 Member=Component R6 510R
Added Room: Name=SCH_CAN_Transceiver_TJA1050
Added Room: Name=SCH_POWER_5V_to_3.3V
Added Room: Name=STM32F103xx_LQFP48
