Removed Pin From Net: NetName=+3.3 Pin=L1-2
Removed Pin From Net: NetName=+3.3 Pin=L2-2
Removed Pin From Net: NetName=GND Pin=R6-1
Removed Pin From Net: NetName=PC13 Pin=R7-1
Removed Member From Class: ClassName=STM32F103xx_LQFP48 Member=L1
Removed Member From Class: ClassName=STM32F103xx_LQFP48 Member=L2
Change Component Footprint: Designator=R6 Old Footprint=tro smd 0603 New Footprint=0603_R
Change Component Footprint: Designator=R7 Old Footprint=tro smd 0603 New Footprint=0603_R
Change Component Comment : Designator=R6 Old Comment=510R New Comment=510O ±1%
Change Component Comment : Designator=R7 Old Comment=510R New Comment=510O ±1%
Change component parameters: Designator = "R6" ("R6"); Footprint = "tro smd 0603"; UniqueID = "\QUMFJBVF" ("\QUMFJBVF")
Change component parameters (AddParameter): Name = "ComponentLink1Description"; Value = "Supplier link"; VariantName = "[No Variations]"
Change component parameters (AddParameter): Name = "ComponentLink1URL"; Value = "http://www.szlcsc.com/product/details_23920.html"; VariantName = "[No Variations]"
Change component parameters (AddParameter): Name = "Manufacturer"; Value = "Uniroyal Elec"; VariantName = "[No Variations]"
Change component parameters (AddParameter): Name = "Notepad"; Value = ""; VariantName = "[No Variations]"
Change component parameters (AddParameter): Name = "Package"; Value = "0603"; VariantName = "[No Variations]"
Change component parameters (AddParameter): Name = "PartNumber"; Value = "0603WAF5100T5E"; VariantName = "[No Variations]"
Change component parameters (AddParameter): Name = "Power"; Value = "1/10W"; VariantName = "[No Variations]"
Change component parameters (AddParameter): Name = "Resistance"; Value = "510O"; VariantName = "[No Variations]"
Change component parameters (AddParameter): Name = "Supplier"; Value = "LC"; VariantName = "[No Variations]"
Change component parameters (AddParameter): Name = "SuppliersPartNumber"; Value = "C23193"; VariantName = "[No Variations]"
Change component parameters (AddParameter): Name = "Tolerance"; Value = "1%"; VariantName = "[No Variations]"
Change component parameters: Designator = "R7" ("R7"); Footprint = "tro smd 0603"; UniqueID = "\FGLVMVBA" ("\FGLVMVBA")
Change component parameters (AddParameter): Name = "ComponentLink1Description"; Value = "Supplier link"; VariantName = "[No Variations]"
Change component parameters (AddParameter): Name = "ComponentLink1URL"; Value = "http://www.szlcsc.com/product/details_23920.html"; VariantName = "[No Variations]"
Change component parameters (AddParameter): Name = "Manufacturer"; Value = "Uniroyal Elec"; VariantName = "[No Variations]"
Change component parameters (AddParameter): Name = "Notepad"; Value = ""; VariantName = "[No Variations]"
Change component parameters (AddParameter): Name = "Package"; Value = "0603"; VariantName = "[No Variations]"
Change component parameters (AddParameter): Name = "PartNumber"; Value = "0603WAF5100T5E"; VariantName = "[No Variations]"
Change component parameters (AddParameter): Name = "Power"; Value = "1/10W"; VariantName = "[No Variations]"
Change component parameters (AddParameter): Name = "Resistance"; Value = "510O"; VariantName = "[No Variations]"
Change component parameters (AddParameter): Name = "Supplier"; Value = "LC"; VariantName = "[No Variations]"
Change component parameters (AddParameter): Name = "SuppliersPartNumber"; Value = "C23193"; VariantName = "[No Variations]"
Change component parameters (AddParameter): Name = "Tolerance"; Value = "1%"; VariantName = "[No Variations]"
Added Component: Designator=D1(0603_LED_S1)
Add component (AddParameter): Name = "Color"; Value = "Red"; VariantName = "[No Variations]"
Add component (AddParameter): Name = "ComponentLink1Description"; Value = "?????"; VariantName = "[No Variations]"
Add component (AddParameter): Name = "ComponentLink1URL"; Value = "http://www.szlcsc.com/product/details_2659.html"; VariantName = "[No Variations]"
Add component (AddParameter): Name = "Notepad"; Value = ""; VariantName = "[No Variations]"
Add component (AddParameter): Name = "Package"; Value = "0603"; VariantName = "[No Variations]"
Add component (AddParameter): Name = "Supplier"; Value = "LC"; VariantName = "[No Variations]"
Add component (AddParameter): Name = "SuppliersPartNumber"; Value = "C2286"; VariantName = "[No Variations]"
Added Component: Designator=D2(0603_LED_S1)
Add component (AddParameter): Name = "Color"; Value = "Green"; VariantName = "[No Variations]"
Add component (AddParameter): Name = "ComponentLink1Description"; Value = "?????"; VariantName = "[No Variations]"
Add component (AddParameter): Name = "ComponentLink1URL"; Value = "http://www.szlcsc.com/product/details_73152.html"; VariantName = "[No Variations]"
Add component (AddParameter): Name = "Notepad"; Value = ""; VariantName = "[No Variations]"
Add component (AddParameter): Name = "Package"; Value = "0603"; VariantName = "[No Variations]"
Add component (AddParameter): Name = "Supplier"; Value = "LC"; VariantName = "[No Variations]"
Add component (AddParameter): Name = "SuppliersPartNumber"; Value = "C72043"; VariantName = "[No Variations]"
Added Pin To Net: NetName=+3.3 Pin=D1-A
Added Pin To Net: NetName=+3.3 Pin=D2-A
Added Pin To Net: NetName=GND Pin=R6-2
Added Pin To Net: NetName=PC13 Pin=R7-2
Added Pin To Net: NetName=NetD1_K Pin=D1-K
Added Pin To Net: NetName=NetD1_K Pin=R6-1
Added Net: Name=NetD1_K
Added Pin To Net: NetName=NetD2_K Pin=D2-K
Added Pin To Net: NetName=NetD2_K Pin=R7-1
Added Net: Name=NetD2_K
Added Member To Class: ClassName=STM32F103xx_LQFP48 Member=Component D1 0603 Red
Added Member To Class: ClassName=STM32F103xx_LQFP48 Member=Component D2 0603 Green
Added Member To Class: ClassName=SCH_CAN_Transceiver_TJA1050 Member=Component P1 CAN IN
Added Room: Name=SCH_CAN_Transceiver_TJA1050
Added Room: Name=SCH_POWER_5V_to_3.3V
Added Room: Name=STM32F103xx_LQFP48
