Remove Pin=JP1-4 From Net=GND
Remove Pin=P4-1 From Net=VBAT
Remove Pin=P4-2 From Net=PC13
Remove Pin=P4-3 From Net=PC14
Remove Pin=P4-4 From Net=PC15
Remove Pin=P4-5 From Net=PA0
Remove Pin=P4-6 From Net=PA1
Remove Pin=P4-7 From Net=PA2
Remove Pin=P4-8 From Net=PA3
Remove Pin=P4-9 From Net=PA4
Remove Pin=P4-10 From Net=PA5
Remove Pin=P4-11 From Net=PA6
Remove Pin=P4-12 From Net=PA7
Remove Pin=P4-13 From Net=PB0
Remove Pin=P4-14 From Net=PB1
Remove Pin=P4-15 From Net=PB10
Remove Pin=P4-16 From Net=PB11
Remove Pin=P4-17 From Net=RESET
Remove Pin=P4-18 From Net=+3.3
Remove Pin=P4-19 From Net=GND
Remove Pin=P4-20 From Net=GND
Remove Pin=P5-1 From Net=+3.3
Remove Pin=P5-2 From Net=GND
Remove Pin=P5-4 From Net=PB9
Remove Pin=P5-5 From Net=PB8
Remove Pin=P5-6 From Net=PB7
Remove Pin=P5-7 From Net=PB6
Remove Pin=P5-8 From Net=PB5
Remove Pin=P5-9 From Net=PB4
Remove Pin=P5-10 From Net=PB3
Remove Pin=P5-11 From Net=PA15
Remove Pin=P5-12 From Net=PA12
Remove Pin=P5-13 From Net=PA11
Remove Pin=P5-14 From Net=PA10
Remove Pin=P5-15 From Net=PA9
Remove Pin=P5-16 From Net=PA8
Remove Pin=P5-17 From Net=PB15
Remove Pin=P5-18 From Net=PB14
Remove Pin=P5-19 From Net=PB13
Remove Pin=P5-20 From Net=PB12
Remove Pin=R3-1 From Net=BOOT0
Remove Pin=R4-2 From Net=BOOT1
Remove Pin=R7-1 From Net=PC13
Remove Pin=U1-1 From Net=VBAT
Remove Pin=U1-2 From Net=PC13
Remove Pin=U1-3 From Net=PC14
Remove Pin=U1-4 From Net=PC15
Remove Pin=U1-5 From Net=OSC_IN
Remove Pin=U1-6 From Net=OSC_OUT
Remove Pin=U1-7 From Net=RESET
Remove Pin=U1-8 From Net=GND
Remove Pin=U1-10 From Net=PA0
Remove Pin=U1-11 From Net=PA1
Remove Pin=U1-12 From Net=PA2
Remove Pin=U1-13 From Net=PA3
Remove Pin=U1-14 From Net=PA4
Remove Pin=U1-15 From Net=PA5
Remove Pin=U1-16 From Net=PA6
Remove Pin=U1-17 From Net=PA7
Remove Pin=U1-18 From Net=PB0
Remove Pin=U1-19 From Net=PB1
Remove Pin=U1-20 From Net=BOOT1
Remove Pin=U1-21 From Net=PB10
Remove Pin=U1-22 From Net=PB11
Remove Pin=U1-23 From Net=GND
Remove Pin=U1-25 From Net=PB12
Remove Pin=U1-26 From Net=PB13
Remove Pin=U1-27 From Net=PB14
Remove Pin=U1-28 From Net=PB15
Remove Pin=U1-29 From Net=PA8
Remove Pin=U1-30 From Net=PA9
Remove Pin=U1-31 From Net=PA10
Remove Pin=U1-34 From Net=SWDIO
Remove Pin=U1-35 From Net=GND
Remove Pin=U1-37 From Net=SWCLK
Remove Pin=U1-38 From Net=PA15
Remove Pin=U1-39 From Net=PB3
Remove Pin=U1-40 From Net=PB4
Remove Pin=U1-41 From Net=PB5
Remove Pin=U1-42 From Net=PB6
Remove Pin=U1-43 From Net=PB7
Remove Pin=U1-44 From Net=BOOT0
Remove Pin=U1-45 From Net=PB8
Remove Pin=U1-46 From Net=PB9
Remove Pin=U1-47 From Net=GND
